Using pre-set license
Built from '2020.2/release' branch; Version is '2020.2.1f1 (270dd8c3da1c) revision 2559448'; Using compiler version '192528614'; Build Type 'Release'
OS: 'Windows 10  (10.0.0) 64bit' Language: 'en' Physical Memory: 32627 MB
BatchMode: 1, IsHumanControllingUs: 0, StartBugReporterOnCrash: 0, Is64bit: 1, IsPro: 0

 COMMAND LINE ARGUMENTS:
C:\Program Files\Unity\Hub\Editor\2020.2.1f1\Editor\Unity.exe
-adb2
-batchMode
-noUpm
-name
AssetImportWorker0
-projectPath
C:/Users/tribl/Unity Projects/RPG Adventure
-logFile
Logs/AssetImportWorker0.log
-srvPort
54713
Successfully changed project path to: C:/Users/tribl/Unity Projects/RPG Adventure
C:/Users/tribl/Unity Projects/RPG Adventure
Using Asset Import Pipeline V2.
Refreshing native plugins compatible for Editor in 14.75 ms, found 0 plugins.
Preloading 0 native plugins for Editor in 0.00 ms.
Initialize engine version: 2020.2.1f1 (270dd8c3da1c)
[Subsystems] Discovering subsystems at path C:/Program Files/Unity/Hub/Editor/2020.2.1f1/Editor/Data/Resources/UnitySubsystems
[Subsystems] Discovering subsystems at path C:/Users/tribl/Unity Projects/RPG Adventure/Assets
GfxDevice: creating device client; threaded=0
Direct3D:
    Version:  Direct3D 11.0 [level 11.1]
    Renderer: NVIDIA GeForce RTX 3080 Ti (ID=0x2208)
    Vendor:   
    VRAM:     12108 MB
    Driver:   31.0.15.1694
Initialize mono
Mono path[0] = 'C:/Program Files/Unity/Hub/Editor/2020.2.1f1/Editor/Data/Managed'
Mono path[1] = 'C:/Program Files/Unity/Hub/Editor/2020.2.1f1/Editor/Data/MonoBleedingEdge/lib/mono/unityjit'
Mono config path = 'C:/Program Files/Unity/Hub/Editor/2020.2.1f1/Editor/Data/MonoBleedingEdge/etc'
Using monoOptions --debugger-agent=transport=dt_socket,embedding=1,server=y,suspend=n,address=127.0.0.1:56856
Begin MonoManager ReloadAssembly
Registering precompiled unity dll's ...
Register platform support module: C:/Program Files/Unity/Hub/Editor/2020.2.1f1/Editor/Data/PlaybackEngines/WindowsStandaloneSupport/UnityEditor.WindowsStandalone.Extensions.dll
Registered in 0.000651 seconds.
Native extension for WindowsStandalone target not found
Refreshing native plugins compatible for Editor in 14.55 ms, found 0 plugins.
Preloading 0 native plugins for Editor in 0.00 ms.
Invoked RoslynAnalysisRunner static constructor.
RoslynAnalysisRunner will not be running.
RoslynAnalysisRunner has terminated.
Mono: successfully reloaded assembly
- Completed reload, in  0.455 seconds
Platform modules already initialized, skipping
Registering precompiled user dll's ...
Registered in 0.000363 seconds.
Begin MonoManager ReloadAssembly
Native extension for WindowsStandalone target not found
Refreshing native plugins compatible for Editor in 0.19 ms, found 0 plugins.
Preloading 0 native plugins for Editor in 0.00 ms.
Invoked RoslynAnalysisRunner static constructor.
RoslynAnalysisRunner will not be running.
RoslynAnalysisRunner has terminated.
Mono: successfully reloaded assembly
- Completed reload, in  0.431 seconds
Platform modules already initialized, skipping
========================================================================
Worker process is ready to serve import requests
Launched and connected shader compiler UnityShaderCompiler.exe after 0.02 seconds
Refreshing native plugins compatible for Editor in 0.20 ms, found 0 plugins.
Preloading 0 native plugins for Editor in 0.00 ms.
Unloading 1254 Unused Serialized files (Serialized files now loaded: 0)
System memory in use before: 62.1 MB.
System memory in use after: 62.2 MB.

Unloading 11 unused Assets to reduce memory usage. Loaded Objects now: 1696.
Total: 1.193300 ms (FindLiveObjects: 0.115800 ms CreateObjectMapping: 0.022400 ms MarkObjects: 1.008700 ms  DeleteObjects: 0.045100 ms)

========================================================================
Received Import Request.
  path: Assets/RPGAdventure/Scripts/Helpers/FixedUpdateFollow.cs
  artifactKey: Guid(f73951594c9684e47840d44d995d7009) Importer(815301076,1909f56bfc062723c751e8b465ee728b)
Start importing Assets/RPGAdventure/Scripts/Helpers/FixedUpdateFollow.cs using Guid(f73951594c9684e47840d44d995d7009) Importer(815301076,1909f56bfc062723c751e8b465ee728b)  -> (artifact id: '53522efd0416f9096569de3b2ef5594f') in 0.013797 seconds
  Import took 0.015914 seconds .

========================================================================
Received Import Request.
  Time since last request: 1.756924 seconds.
  path: Assets/RPGAdventure/Scripts/Helpers/PlayerScanner.cs
  artifactKey: Guid(52f91853bbba93f48bac34e507f3757d) Importer(815301076,1909f56bfc062723c751e8b465ee728b)
Start importing Assets/RPGAdventure/Scripts/Helpers/PlayerScanner.cs using Guid(52f91853bbba93f48bac34e507f3757d) Importer(815301076,1909f56bfc062723c751e8b465ee728b)  -> (artifact id: 'c127f1e0605eff409520ed2675661ae7') in 0.006849 seconds
  Import took 0.009163 seconds .

AssetImportWorkerClient::OnTransportError - code=2 error=End of file
